TN:
SF:src/ERC721Mock.sol
FN:11,ERC721Mock.mint
FNDA:0,ERC721Mock.mint
DA:12,0
DA:13,0
FNF:1
FNH:0
LF:2
LH:0
BRF:0
BRH:0
end_of_record
TN:
SF:src/mocks/YakiSwapMock.sol
FN:27,YakiSwapMock.createPool
FNDA:1,YakiSwapMock.createPool
DA:28,1
DA:31,1
DA:32,1
DA:33,1
DA:35,1
DA:36,1
FN:39,YakiSwapMock._incrementCounter
FNDA:1,YakiSwapMock._incrementCounter
DA:41,2
FN:45,YakiSwapMock.getPoolAddress
FNDA:2,YakiSwapMock.getPoolAddress
DA:46,2
FN:49,YakiSwapMock.handleTransfer
FNDA:46,YakiSwapMock.handleTransfer
DA:54,46
BRDA:54,0,0,1
BRDA:54,0,1,45
DA:55,45
DA:61,44
FN:103,Pool.mock_signedCurrentOrder
FNDA:3,Pool.mock_signedCurrentOrder
DA:104,3
FN:107,Pool.mock_set_buyCount
FNDA:6,Pool.mock_set_buyCount
DA:108,6
FN:111,Pool.initialize
FNDA:2,Pool.initialize
DA:112,2
BRDA:112,0,0,1
BRDA:112,0,1,1
DA:113,1
DA:114,1
DA:115,1
DA:116,1
FN:120,Pool.setPoolProperties
FNDA:18,Pool.setPoolProperties
DA:127,17
DA:128,17
DA:129,17
DA:130,17
DA:131,17
DA:132,17
DA:133,17
FN:136,Pool._withdrawFunds
FNDA:0,Pool._withdrawFunds
DA:137,1
DA:138,1
BRDA:138,1,0,-
BRDA:138,1,1,1
FN:141,Pool.withdrawFunds
FNDA:2,Pool.withdrawFunds
DA:142,1
FN:145,Pool._withdrawNFT
FNDA:0,Pool._withdrawNFT
DA:146,10
FN:149,Pool.withdrawNFT
FNDA:2,Pool.withdrawNFT
DA:150,1
DA:151,10
DA:153,10
FN:158,Pool.depositNFT
FNDA:5,Pool.depositNFT
DA:159,4
DA:160,31
DA:166,31
FN:171,Pool.depositFunds
FNDA:5,Pool.depositFunds
FN:177,Pool.swapNFT
FNDA:4,Pool.swapNFT
DA:178,4
BRDA:178,2,0,1
BRDA:178,2,1,3
DA:179,3
DA:180,3
DA:181,2
FN:184,Pool.batchSellNFT
FNDA:4,Pool.batchSellNFT
DA:189,4
BRDA:189,3,0,1
BRDA:189,3,1,3
DA:190,3
BRDA:190,4,0,1
BRDA:190,4,1,2
DA:191,2
DA:192,2
BRDA:192,5,0,1
BRDA:192,5,1,1
DA:193,1
DA:194,1
DA:195,10
DA:201,10
DA:212,10
BRDA:212,6,0,5
BRDA:212,6,1,10
DA:213,5
DA:216,10
DA:217,10
FN:222,Pool.batchBuyNFT
FNDA:5,Pool.batchBuyNFT
DA:226,5
BRDA:226,7,0,2
BRDA:226,7,1,3
DA:227,3
BRDA:227,8,0,1
BRDA:227,8,1,2
DA:228,2
DA:229,2
BRDA:229,9,0,1
BRDA:229,9,1,1
DA:230,1
DA:231,1
DA:232,1
DA:233,10
DA:239,10
DA:246,10
DA:252,10
DA:253,10
DA:254,10
DA:258,1
DA:259,1
BRDA:259,10,0,-
BRDA:259,10,1,1
FN:264,Pool.calculateTotalPrice
FNDA:3,Pool.calculateTotalPrice
DA:269,7
DA:270,7
FN:281,Pool.getSellPrice
FNDA:1,Pool.getSellPrice
DA:282,1
FN:291,Pool.getBuyPrice
FNDA:1,Pool.getBuyPrice
DA:292,1
DA:298,1
FN:301,Pool.getSwapFee
FNDA:2,Pool.getSwapFee
DA:302,6
FN:305,Pool._absoluteModule
FNDA:768,Pool._absoluteModule
DA:306,2918
FN:309,Pool._calculateOrderPrice
FNDA:1638,Pool._calculateOrderPrice
DA:315,2150
DA:316,2150
DA:317,2150
DA:319,2150
BRDA:319,11,0,2
BRDA:319,11,1,17816
DA:320,1494
BRDA:320,12,0,868
BRDA:320,12,1,626
DA:321,868
DA:323,626
DA:326,19310
DA:327,17818
BRDA:327,13,0,-
BRDA:327,13,1,12443
DA:328,12443
DA:329,12443
BRDA:329,14,0,-
BRDA:329,14,1,12443
DA:330,0
DA:332,12443
DA:334,17818
DA:335,17818
BRDA:335,15,0,2
BRDA:335,15,1,17816
DA:336,2
DA:338,17816
DA:339,17816
DA:341,1492
DA:344,656
BRDA:344,16,0,220
BRDA:344,16,1,436
DA:345,220
DA:347,436
FN:352,Pool._calculateTotalPrice
FNDA:4,Pool._calculateTotalPrice
DA:360,11
DA:362,11
BRDA:362,17,0,231
BRDA:362,17,1,6
DA:363,6
DA:364,231
DA:370,231
DA:372,231
DA:376,5
DA:377,230
DA:383,230
DA:385,230
DA:390,11
FN:396,Pool.getSellOrders
FNDA:1,Pool.getSellOrders
DA:397,1
FN:400,Pool.getBuyOrders
FNDA:6,Pool.getBuyOrders
DA:401,6
DA:402,6
DA:403,6
BRDA:403,18,0,1
BRDA:403,18,1,5
DA:404,1
DA:406,5
DA:407,5
DA:408,29
DA:414,29
DA:415,29
BRDA:415,19,0,1
BRDA:415,19,1,28
DA:416,1
DA:419,28
DA:420,28
DA:422,4
FN:425,Pool.onERC721Received
FNDA:44,Pool.onERC721Received
DA:431,44
FNF:27
FNH:25
LF:121
LH:120
BRF:42
BRH:38
end_of_record
