TN:
SF:src/ERC721Tradable.sol
FN:46,ERC721Tradable.isSetForSale
FNDA:4,ERC721Tradable.isSetForSale
DA:47,4
FN:55,ERC721Tradable._isSetForSale
FNDA:8,ERC721Tradable._isSetForSale
DA:56,8
FN:64,ERC721Tradable.getPrice
FNDA:4,ERC721Tradable.getPrice
DA:65,4
FN:73,ERC721Tradable.setForSale
FNDA:6,ERC721Tradable.setForSale
DA:74,6
BRDA:74,0,0,2
BRDA:74,0,1,4
DA:75,4
DA:76,4
FN:84,ERC721Tradable.supportsInterface
FNDA:2,ERC721Tradable.supportsInterface
DA:85,2
FN:93,ERC721Tradable.buy
FNDA:4,ERC721Tradable.buy
DA:94,4
DA:95,4
BRDA:95,1,0,1
BRDA:95,1,1,3
DA:96,3
BRDA:96,2,0,1
BRDA:96,2,1,2
DA:98,2
DA:99,2
DA:101,2
DA:103,2
DA:104,2
BRDA:104,3,0,1
BRDA:104,3,1,1
DA:106,1
FN:116,ERC721Tradable._isApprovedOrOwner
FNDA:2,ERC721Tradable._isApprovedOrOwner
DA:117,2
BRDA:117,4,0,1
BRDA:117,4,1,1
DA:118,1
DA:120,1
FN:132,ERC721Tradable._beforeTokenTransfer
FNDA:4,ERC721Tradable._beforeTokenTransfer
DA:138,4
FNF:8
FNH:8
LF:20
LH:20
BRF:10
BRH:10
end_of_record
